nohup: ignoring input
[[1;34mINFO[m] Scanning for projects...
[[1;34mINFO[m] 
[[1;34mINFO[m] [1m-------------------< [0;36mcom.jitendra:inventoryService[0;1m >--------------------[m
[[1;34mINFO[m] [1mBuilding inventoryService 0.0.1-SNAPSHOT[m
[[1;34mINFO[m]   from pom.xml
[[1;34mINFO[m] [1m--------------------------------[ jar ]---------------------------------[m
[[1;34mINFO[m] 
[[1;34mINFO[m] [1m>>> [0;32mspring-boot:3.3.3:run[m [1m(default-cli)[0;1m > [0;1mtest-compile[m @ [36minventoryService[0;1m >>>[m
[[1;34mINFO[m] 
[[1;34mINFO[m] [1m--- [0;32mresources:3.3.1:resources[m [1m(default-resources)[m @ [36minventoryService[0;1m ---[m
[[1;34mINFO[m] Copying 1 resource from src/main/resources to target/classes
[[1;34mINFO[m] Copying 0 resource from src/main/resources to target/classes
[[1;34mINFO[m] 
[[1;34mINFO[m] [1m--- [0;32mcompiler:3.13.0:compile[m [1m(default-compile)[m @ [36minventoryService[0;1m ---[m
[[1;34mINFO[m] Nothing to compile - all classes are up to date.
[[1;34mINFO[m] 
[[1;34mINFO[m] [1m--- [0;32mresources:3.3.1:testResources[m [1m(default-testResources)[m @ [36minventoryService[0;1m ---[m
[[1;34mINFO[m] skip non existing resourceDirectory /home/jitendra/Documents/workspace-spring-tools-for-eclipse-4.31.0.RELEASE/inventoryService/src/test/resources
[[1;34mINFO[m] 
[[1;34mINFO[m] [1m--- [0;32mcompiler:3.13.0:testCompile[m [1m(default-testCompile)[m @ [36minventoryService[0;1m ---[m
[[1;34mINFO[m] Nothing to compile - all classes are up to date.
[[1;34mINFO[m] 
[[1;34mINFO[m] [1m<<< [0;32mspring-boot:3.3.3:run[m [1m(default-cli)[0;1m < [0;1mtest-compile[m @ [36minventoryService[0;1m <<<[m
[[1;34mINFO[m] 
[[1;34mINFO[m] 
[[1;34mINFO[m] [1m--- [0;32mspring-boot:3.3.3:run[m [1m(default-cli)[m @ [36minventoryService[0;1m ---[m
[[1;34mINFO[m] Attaching agents: []

  .   ____          _            __ _ _
 /\\ / ___'_ __ _ _(_)_ __  __ _ \ \ \ \
( ( )\___ | '_ | '_| | '_ \/ _` | \ \ \ \
 \\/  ___)| |_)| | | | | || (_| |  ) ) ) )
  '  |____| .__|_| |_|_| |_\__, | / / / /
 =========|_|==============|___/=/_/_/_/

 :: Spring Boot ::                (v3.3.3)

2026-04-26T20:33:24.366+05:30  INFO 17809 --- [inventory-service] [  restartedMain] c.j.i.InventoryServiceApplication        : Starting InventoryServiceApplication using Java 17.0.16 with PID 17809 (/home/jitendra/Documents/workspace-spring-tools-for-eclipse-4.31.0.RELEASE/inventoryService/target/classes started by jitendra in /home/jitendra/Documents/workspace-spring-tools-for-eclipse-4.31.0.RELEASE/inventoryService)
2026-04-26T20:33:24.368+05:30  INFO 17809 --- [inventory-service] [  restartedMain] c.j.i.InventoryServiceApplication        : No active profile set, falling back to 1 default profile: "default"
2026-04-26T20:33:24.401+05:30  INFO 17809 --- [inventory-service] [  restartedMain] o.s.c.c.c.ConfigServerConfigDataLoader   : Fetching config from server at : http://localhost:8092
2026-04-26T20:33:24.401+05:30  INFO 17809 --- [inventory-service] [  restartedMain] o.s.c.c.c.ConfigServerConfigDataLoader   : Located environment: name=inventory-service, profiles=[default], label=null, version=5f65aad33b54e4d2b9a90c3557fc0a5641f31103, state=null
2026-04-26T20:33:24.402+05:30  INFO 17809 --- [inventory-service] [  restartedMain] .e.DevToolsPropertyDefaultsPostProcessor : Devtools property defaults active! Set 'spring.devtools.add-properties' to 'false' to disable
2026-04-26T20:33:24.403+05:30  INFO 17809 --- [inventory-service] [  restartedMain] .e.DevToolsPropertyDefaultsPostProcessor : For additional web related logging consider setting the 'logging.level.web' property to 'DEBUG'
2026-04-26T20:33:25.196+05:30  INFO 17809 --- [inventory-service] [  restartedMain] .s.d.r.c.RepositoryConfigurationDelegate : Bootstrapping Spring Data JPA repositories in DEFAULT mode.
2026-04-26T20:33:25.320+05:30  INFO 17809 --- [inventory-service] [  restartedMain] .s.d.r.c.RepositoryConfigurationDelegate : Finished Spring Data repository scanning in 118 ms. Found 1 JPA repository interface.
2026-04-26T20:33:25.606+05:30  INFO 17809 --- [inventory-service] [  restartedMain] o.s.cloud.context.scope.GenericScope     : BeanFactory id=0e2b58b8-127c-38bb-98e6-62b63945f697
2026-04-26T20:33:25.754+05:30  WARN 17809 --- [inventory-service] [  restartedMain] trationDelegate$BeanPostProcessorChecker : Bean 'org.springframework.cloud.client.loadbalancer.LoadBalancerAutoConfiguration$DeferringLoadBalancerInterceptorConfig' of type [org.springframework.cloud.client.loadbalancer.LoadBalancerAutoConfiguration$DeferringLoadBalancerInterceptorConfig] is not eligible for getting processed by all BeanPostProcessors (for example: not eligible for auto-proxying). The currently created BeanPostProcessor [lbRestClientPostProcessor] is declared through a non-static factory method on that class; consider declaring it as static instead.
2026-04-26T20:33:25.755+05:30  WARN 17809 --- [inventory-service] [  restartedMain] trationDelegate$BeanPostProcessorChecker : Bean 'deferringLoadBalancerInterceptor' of type [org.springframework.cloud.client.loadbalancer.DeferringLoadBalancerInterceptor] is not eligible for getting processed by all BeanPostProcessors (for example: not eligible for auto-proxying). Is this bean getting eagerly injected into a currently created BeanPostProcessor [lbRestClientPostProcessor]? Check the corresponding BeanPostProcessor declaration and its dependencies.
2026-04-26T20:33:26.105+05:30  INFO 17809 --- [inventory-service] [  restartedMain] o.s.b.w.embedded.tomcat.TomcatWebServer  : Tomcat initialized with port 8087 (http)
2026-04-26T20:33:26.118+05:30  INFO 17809 --- [inventory-service] [  restartedMain] o.apache.catalina.core.StandardService   : Starting service [Tomcat]
2026-04-26T20:33:26.119+05:30  INFO 17809 --- [inventory-service] [  restartedMain] o.apache.catalina.core.StandardEngine    : Starting Servlet engine: [Apache Tomcat/10.1.28]
2026-04-26T20:33:26.169+05:30  INFO 17809 --- [inventory-service] [  restartedMain] o.a.c.c.C.[Tomcat].[localhost].[/]       : Initializing Spring embedded WebApplicationContext
2026-04-26T20:33:26.170+05:30  INFO 17809 --- [inventory-service] [  restartedMain] w.s.c.ServletWebServerApplicationContext : Root WebApplicationContext: initialization completed in 1766 ms
2026-04-26T20:33:26.322+05:30  INFO 17809 --- [inventory-service] [  restartedMain] o.hibernate.jpa.internal.util.LogHelper  : HHH000204: Processing PersistenceUnitInfo [name: default]
2026-04-26T20:33:26.369+05:30  INFO 17809 --- [inventory-service] [  restartedMain] org.hibernate.Version                    : HHH000412: Hibernate ORM core version 6.5.2.Final
2026-04-26T20:33:26.394+05:30  INFO 17809 --- [inventory-service] [  restartedMain] o.h.c.internal.RegionFactoryInitiator    : HHH000026: Second-level cache disabled
2026-04-26T20:33:26.613+05:30  INFO 17809 --- [inventory-service] [  restartedMain] o.s.o.j.p.SpringPersistenceUnitInfo      : No LoadTimeWeaver setup: ignoring JPA class transformer
2026-04-26T20:33:26.633+05:30  INFO 17809 --- [inventory-service] [  restartedMain] com.zaxxer.hikari.HikariDataSource       : HikariPool-1 - Starting...
2026-04-26T20:33:26.865+05:30  INFO 17809 --- [inventory-service] [  restartedMain] com.zaxxer.hikari.pool.HikariPool        : HikariPool-1 - Added connection com.mysql.cj.jdbc.ConnectionImpl@6ce18939
2026-04-26T20:33:26.867+05:30  INFO 17809 --- [inventory-service] [  restartedMain] com.zaxxer.hikari.HikariDataSource       : HikariPool-1 - Start completed.
2026-04-26T20:33:26.923+05:30  WARN 17809 --- [inventory-service] [  restartedMain] org.hibernate.orm.deprecation            : HHH90000025: MySQLDialect does not need to be specified explicitly using 'hibernate.dialect' (remove the property setting and it will be selected by default)
2026-04-26T20:33:27.602+05:30  INFO 17809 --- [inventory-service] [  restartedMain] o.h.e.t.j.p.i.JtaPlatformInitiator       : HHH000489: No JTA platform available (set 'hibernate.transaction.jta.platform' to enable JTA platform integration)
2026-04-26T20:33:27.637+05:30  INFO 17809 --- [inventory-service] [  restartedMain] j.LocalContainerEntityManagerFactoryBean : Initialized JPA EntityManagerFactory for persistence unit 'default'
2026-04-26T20:33:28.045+05:30  WARN 17809 --- [inventory-service] [  restartedMain] JpaBaseConfiguration$JpaWebConfiguration : spring.jpa.open-in-view is enabled by default. Therefore, database queries may be performed during view rendering. Explicitly configure spring.jpa.open-in-view to disable this warning
2026-04-26T20:33:28.098+05:30  WARN 17809 --- [inventory-service] [  restartedMain] .s.s.UserDetailsServiceAutoConfiguration : 

Using generated security password: 772422ce-1fb9-43c9-8f56-e6c6f60008e2

This generated password is for development use only. Your security configuration must be updated before running your application in production.

2026-04-26T20:33:28.114+05:30  INFO 17809 --- [inventory-service] [  restartedMain] r$InitializeUserDetailsManagerConfigurer : Global AuthenticationManager configured with UserDetailsService bean with name inMemoryUserDetailsManager
2026-04-26T20:33:28.692+05:30  WARN 17809 --- [inventory-service] [  restartedMain] o.s.b.d.a.OptionalLiveReloadServer       : Unable to start LiveReload server
2026-04-26T20:33:28.973+05:30  INFO 17809 --- [inventory-service] [  restartedMain] DiscoveryClientOptionalArgsConfiguration : Eureka HTTP Client uses RestTemplate.
2026-04-26T20:33:29.021+05:30  WARN 17809 --- [inventory-service] [  restartedMain] iguration$LoadBalancerCaffeineWarnLogger : Spring Cloud LoadBalancer is currently working with the default cache. While this cache implementation is useful for development and tests, it's recommended to use Caffeine cache in production.You can switch to using Caffeine cache, by adding it and org.springframework.cache.caffeine.CaffeineCacheManager to the classpath.
2026-04-26T20:33:29.093+05:30  INFO 17809 --- [inventory-service] [  restartedMain] o.s.c.n.eureka.InstanceInfoFactory       : Setting initial instance status as: STARTING
2026-04-26T20:33:29.130+05:30  INFO 17809 --- [inventory-service] [  restartedMain] com.netflix.discovery.DiscoveryClient    : Initializing Eureka in region us-east-1
2026-04-26T20:33:29.135+05:30  INFO 17809 --- [inventory-service] [  restartedMain] c.n.d.s.r.aws.ConfigClusterResolver      : Resolving eureka endpoints via configuration
2026-04-26T20:33:29.146+05:30  INFO 17809 --- [inventory-service] [  restartedMain] com.netflix.discovery.DiscoveryClient    : Disable delta property : false
2026-04-26T20:33:29.146+05:30  INFO 17809 --- [inventory-service] [  restartedMain] com.netflix.discovery.DiscoveryClient    : Single vip registry refresh property : null
2026-04-26T20:33:29.146+05:30  INFO 17809 --- [inventory-service] [  restartedMain] com.netflix.discovery.DiscoveryClient    : Force full registry fetch : false
2026-04-26T20:33:29.146+05:30  INFO 17809 --- [inventory-service] [  restartedMain] com.netflix.discovery.DiscoveryClient    : Application is null : false
2026-04-26T20:33:29.146+05:30  INFO 17809 --- [inventory-service] [  restartedMain] com.netflix.discovery.DiscoveryClient    : Registered Applications size is zero : true
2026-04-26T20:33:29.147+05:30  INFO 17809 --- [inventory-service] [  restartedMain] com.netflix.discovery.DiscoveryClient    : Application version is -1: true
2026-04-26T20:33:29.147+05:30  INFO 17809 --- [inventory-service] [  restartedMain] com.netflix.discovery.DiscoveryClient    : Getting all instance registry info from the eureka server
2026-04-26T20:33:29.370+05:30  INFO 17809 --- [inventory-service] [  restartedMain] com.netflix.discovery.DiscoveryClient    : The response status is 200
2026-04-26T20:33:29.372+05:30  INFO 17809 --- [inventory-service] [  restartedMain] com.netflix.discovery.DiscoveryClient    : Starting heartbeat executor: renew interval is: 30
2026-04-26T20:33:29.375+05:30  INFO 17809 --- [inventory-service] [  restartedMain] c.n.discovery.InstanceInfoReplicator     : InstanceInfoReplicator onDemand update allowed rate per min is 4
2026-04-26T20:33:29.377+05:30  INFO 17809 --- [inventory-service] [  restartedMain] com.netflix.discovery.DiscoveryClient    : Discovery Client initialized at timestamp 1777215809376 with initial instances count: 2
2026-04-26T20:33:29.382+05:30  INFO 17809 --- [inventory-service] [  restartedMain] o.s.c.n.e.s.EurekaServiceRegistry        : Registering application INVENTORY-SERVICE with eureka with status UP
2026-04-26T20:33:29.382+05:30  INFO 17809 --- [inventory-service] [  restartedMain] com.netflix.discovery.DiscoveryClient    : Saw local status change event StatusChangeEvent [timestamp=1777215809382, current=UP, previous=STARTING]
2026-04-26T20:33:29.384+05:30  INFO 17809 --- [inventory-service] [foReplicator-%d] com.netflix.discovery.DiscoveryClient    : DiscoveryClient_INVENTORY-SERVICE/10.96.131.185:inventory-service:8087: registering service...
2026-04-26T20:33:29.411+05:30  INFO 17809 --- [inventory-service] [  restartedMain] o.s.b.w.embedded.tomcat.TomcatWebServer  : Tomcat started on port 8087 (http) with context path '/'
2026-04-26T20:33:29.412+05:30  INFO 17809 --- [inventory-service] [  restartedMain] .s.c.n.e.s.EurekaAutoServiceRegistration : Updating port to 8087
2026-04-26T20:33:29.441+05:30  INFO 17809 --- [inventory-service] [foReplicator-%d] com.netflix.discovery.DiscoveryClient    : DiscoveryClient_INVENTORY-SERVICE/10.96.131.185:inventory-service:8087 - registration status: 204
2026-04-26T20:33:29.613+05:30  INFO 17809 --- [inventory-service] [  restartedMain] o.a.k.clients.consumer.ConsumerConfig    : ConsumerConfig values: 
	allow.auto.create.topics = true
	auto.commit.interval.ms = 5000
	auto.include.jmx.reporter = true
	auto.offset.reset = earliest
	bootstrap.servers = [localhost:9092]
	check.crcs = true
	client.dns.lookup = use_all_dns_ips
	client.id = consumer-inventry-group-1
	client.rack = 
	connections.max.idle.ms = 540000
	default.api.timeout.ms = 60000
	enable.auto.commit = false
	enable.metrics.push = true
	exclude.internal.topics = true
	fetch.max.bytes = 52428800
	fetch.max.wait.ms = 500
	fetch.min.bytes = 1
	group.id = inventry-group
	group.instance.id = null
	group.protocol = classic
	group.remote.assignor = null
	heartbeat.interval.ms = 3000
	interceptor.classes = []
	internal.leave.group.on.close = true
	internal.throw.on.fetch.stable.offset.unsupported = false
	isolation.level = read_uncommitted
	key.deserializer = class org.apache.kafka.common.serialization.StringDeserializer
	max.partition.fetch.bytes = 1048576
	max.poll.interval.ms = 300000
	max.poll.records = 500
	metadata.max.age.ms = 300000
	metric.reporters = []
	metrics.num.samples = 2
	metrics.recording.level = INFO
	metrics.sample.window.ms = 30000
	partition.assignment.strategy = [class org.apache.kafka.clients.consumer.RangeAssignor, class org.apache.kafka.clients.consumer.CooperativeStickyAssignor]
	receive.buffer.bytes = 65536
	reconnect.backoff.max.ms = 1000
	reconnect.backoff.ms = 50
	request.timeout.ms = 30000
	retry.backoff.max.ms = 1000
	retry.backoff.ms = 100
	sasl.client.callback.handler.class = null
	sasl.jaas.config = null
	sasl.kerberos.kinit.cmd = /usr/bin/kinit
	sasl.kerberos.min.time.before.relogin = 60000
	sasl.kerberos.service.name = null
	sasl.kerberos.ticket.renew.jitter = 0.05
	sasl.kerberos.ticket.renew.window.factor = 0.8
	sasl.login.callback.handler.class = null
	sasl.login.class = null
	sasl.login.connect.timeout.ms = null
	sasl.login.read.timeout.ms = null
	sasl.login.refresh.buffer.seconds = 300
	sasl.login.refresh.min.period.seconds = 60
	sasl.login.refresh.window.factor = 0.8
	sasl.login.refresh.window.jitter = 0.05
	sasl.login.retry.backoff.max.ms = 10000
	sasl.login.retry.backoff.ms = 100
	sasl.mechanism = GSSAPI
	sasl.oauthbearer.clock.skew.seconds = 30
	sasl.oauthbearer.expected.audience = null
	sasl.oauthbearer.expected.issuer = null
	sasl.oauthbearer.jwks.endpoint.refresh.ms = 3600000
	sasl.oauthbearer.jwks.endpoint.retry.backoff.max.ms = 10000
	sasl.oauthbearer.jwks.endpoint.retry.backoff.ms = 100
	sasl.oauthbearer.jwks.endpoint.url = null
	sasl.oauthbearer.scope.claim.name = scope
	sasl.oauthbearer.sub.claim.name = sub
	sasl.oauthbearer.token.endpoint.url = null
	security.protocol = PLAINTEXT
	security.providers = null
	send.buffer.bytes = 131072
	session.timeout.ms = 45000
	socket.connection.setup.timeout.max.ms = 30000
	socket.connection.setup.timeout.ms = 10000
	ssl.cipher.suites = null
	ssl.enabled.protocols = [TLSv1.2, TLSv1.3]
	ssl.endpoint.identification.algorithm = https
	ssl.engine.factory.class = null
	ssl.key.password = null
	ssl.keymanager.algorithm = SunX509
	ssl.keystore.certificate.chain = null
	ssl.keystore.key = null
	ssl.keystore.location = null
	ssl.keystore.password = null
	ssl.keystore.type = JKS
	ssl.protocol = TLSv1.3
	ssl.provider = null
	ssl.secure.random.implementation = null
	ssl.trustmanager.algorithm = PKIX
	ssl.truststore.certificates = null
	ssl.truststore.location = null
	ssl.truststore.password = null
	ssl.truststore.type = JKS
	value.deserializer = class org.springframework.kafka.support.serializer.JsonDeserializer

2026-04-26T20:33:29.689+05:30  INFO 17809 --- [inventory-service] [  restartedMain] o.a.k.c.t.i.KafkaMetricsCollector        : initializing Kafka metrics collector
2026-04-26T20:33:29.821+05:30  INFO 17809 --- [inventory-service] [  restartedMain] o.a.kafka.common.utils.AppInfoParser     : Kafka version: 3.7.1
2026-04-26T20:33:29.821+05:30  INFO 17809 --- [inventory-service] [  restartedMain] o.a.kafka.common.utils.AppInfoParser     : Kafka commitId: e2494e6ffb89f828
2026-04-26T20:33:29.821+05:30  INFO 17809 --- [inventory-service] [  restartedMain] o.a.kafka.common.utils.AppInfoParser     : Kafka startTimeMs: 1777215809820
2026-04-26T20:33:29.825+05:30  INFO 17809 --- [inventory-service] [  restartedMain] o.a.k.c.c.internals.LegacyKafkaConsumer  : [Consumer clientId=consumer-inventry-group-1, groupId=inventry-group] Subscribed to topic(s): product-created
2026-04-26T20:33:29.833+05:30  INFO 17809 --- [inventory-service] [  restartedMain] o.a.k.clients.consumer.ConsumerConfig    : ConsumerConfig values: 
	allow.auto.create.topics = true
	auto.commit.interval.ms = 5000
	auto.include.jmx.reporter = true
	auto.offset.reset = earliest
	bootstrap.servers = [localhost:9092]
	check.crcs = true
	client.dns.lookup = use_all_dns_ips
	client.id = consumer-inventry-group-2
	client.rack = 
	connections.max.idle.ms = 540000
	default.api.timeout.ms = 60000
	enable.auto.commit = false
	enable.metrics.push = true
	exclude.internal.topics = true
	fetch.max.bytes = 52428800
	fetch.max.wait.ms = 500
	fetch.min.bytes = 1
	group.id = inventry-group
	group.instance.id = null
	group.protocol = classic
	group.remote.assignor = null
	heartbeat.interval.ms = 3000
	interceptor.classes = []
	internal.leave.group.on.close = true
	internal.throw.on.fetch.stable.offset.unsupported = false
	isolation.level = read_uncommitted
	key.deserializer = class org.apache.kafka.common.serialization.StringDeserializer
	max.partition.fetch.bytes = 1048576
	max.poll.interval.ms = 300000
	max.poll.records = 500
	metadata.max.age.ms = 300000
	metric.reporters = []
	metrics.num.samples = 2
	metrics.recording.level = INFO
	metrics.sample.window.ms = 30000
	partition.assignment.strategy = [class org.apache.kafka.clients.consumer.RangeAssignor, class org.apache.kafka.clients.consumer.CooperativeStickyAssignor]
	receive.buffer.bytes = 65536
	reconnect.backoff.max.ms = 1000
	reconnect.backoff.ms = 50
	request.timeout.ms = 30000
	retry.backoff.max.ms = 1000
	retry.backoff.ms = 100
	sasl.client.callback.handler.class = null
	sasl.jaas.config = null
	sasl.kerberos.kinit.cmd = /usr/bin/kinit
	sasl.kerberos.min.time.before.relogin = 60000
	sasl.kerberos.service.name = null
	sasl.kerberos.ticket.renew.jitter = 0.05
	sasl.kerberos.ticket.renew.window.factor = 0.8
	sasl.login.callback.handler.class = null
	sasl.login.class = null
	sasl.login.connect.timeout.ms = null
	sasl.login.read.timeout.ms = null
	sasl.login.refresh.buffer.seconds = 300
	sasl.login.refresh.min.period.seconds = 60
	sasl.login.refresh.window.factor = 0.8
	sasl.login.refresh.window.jitter = 0.05
	sasl.login.retry.backoff.max.ms = 10000
	sasl.login.retry.backoff.ms = 100
	sasl.mechanism = GSSAPI
	sasl.oauthbearer.clock.skew.seconds = 30
	sasl.oauthbearer.expected.audience = null
	sasl.oauthbearer.expected.issuer = null
	sasl.oauthbearer.jwks.endpoint.refresh.ms = 3600000
	sasl.oauthbearer.jwks.endpoint.retry.backoff.max.ms = 10000
	sasl.oauthbearer.jwks.endpoint.retry.backoff.ms = 100
	sasl.oauthbearer.jwks.endpoint.url = null
	sasl.oauthbearer.scope.claim.name = scope
	sasl.oauthbearer.sub.claim.name = sub
	sasl.oauthbearer.token.endpoint.url = null
	security.protocol = PLAINTEXT
	security.providers = null
	send.buffer.bytes = 131072
	session.timeout.ms = 45000
	socket.connection.setup.timeout.max.ms = 30000
	socket.connection.setup.timeout.ms = 10000
	ssl.cipher.suites = null
	ssl.enabled.protocols = [TLSv1.2, TLSv1.3]
	ssl.endpoint.identification.algorithm = https
	ssl.engine.factory.class = null
	ssl.key.password = null
	ssl.keymanager.algorithm = SunX509
	ssl.keystore.certificate.chain = null
	ssl.keystore.key = null
	ssl.keystore.location = null
	ssl.keystore.password = null
	ssl.keystore.type = JKS
	ssl.protocol = TLSv1.3
	ssl.provider = null
	ssl.secure.random.implementation = null
	ssl.trustmanager.algorithm = PKIX
	ssl.truststore.certificates = null
	ssl.truststore.location = null
	ssl.truststore.password = null
	ssl.truststore.type = JKS
	value.deserializer = class org.springframework.kafka.support.serializer.JsonDeserializer

2026-04-26T20:33:29.834+05:30  INFO 17809 --- [inventory-service] [  restartedMain] o.a.k.c.t.i.KafkaMetricsCollector        : initializing Kafka metrics collector
2026-04-26T20:33:29.840+05:30  INFO 17809 --- [inventory-service] [  restartedMain] o.a.kafka.common.utils.AppInfoParser     : Kafka version: 3.7.1
2026-04-26T20:33:29.840+05:30  INFO 17809 --- [inventory-service] [  restartedMain] o.a.kafka.common.utils.AppInfoParser     : Kafka commitId: e2494e6ffb89f828
2026-04-26T20:33:29.840+05:30  INFO 17809 --- [inventory-service] [  restartedMain] o.a.kafka.common.utils.AppInfoParser     : Kafka startTimeMs: 1777215809840
2026-04-26T20:33:29.840+05:30  INFO 17809 --- [inventory-service] [  restartedMain] o.a.k.c.c.internals.LegacyKafkaConsumer  : [Consumer clientId=consumer-inventry-group-2, groupId=inventry-group] Subscribed to topic(s): order-cancelled
2026-04-26T20:33:29.842+05:30  INFO 17809 --- [inventory-service] [  restartedMain] o.a.k.clients.consumer.ConsumerConfig    : ConsumerConfig values: 
	allow.auto.create.topics = true
	auto.commit.interval.ms = 5000
	auto.include.jmx.reporter = true
	auto.offset.reset = earliest
	bootstrap.servers = [localhost:9092]
	check.crcs = true
	client.dns.lookup = use_all_dns_ips
	client.id = consumer-inventory-group-3
	client.rack = 
	connections.max.idle.ms = 540000
	default.api.timeout.ms = 60000
	enable.auto.commit = false
	enable.metrics.push = true
	exclude.internal.topics = true
	fetch.max.bytes = 52428800
	fetch.max.wait.ms = 500
	fetch.min.bytes = 1
	group.id = inventory-group
	group.instance.id = null
	group.protocol = classic
	group.remote.assignor = null
	heartbeat.interval.ms = 3000
	interceptor.classes = []
	internal.leave.group.on.close = true
	internal.throw.on.fetch.stable.offset.unsupported = false
	isolation.level = read_uncommitted
	key.deserializer = class org.apache.kafka.common.serialization.StringDeserializer
	max.partition.fetch.bytes = 1048576
	max.poll.interval.ms = 300000
	max.poll.records = 500
	metadata.max.age.ms = 300000
	metric.reporters = []
	metrics.num.samples = 2
	metrics.recording.level = INFO
	metrics.sample.window.ms = 30000
	partition.assignment.strategy = [class org.apache.kafka.clients.consumer.RangeAssignor, class org.apache.kafka.clients.consumer.CooperativeStickyAssignor]
	receive.buffer.bytes = 65536
	reconnect.backoff.max.ms = 1000
	reconnect.backoff.ms = 50
	request.timeout.ms = 30000
	retry.backoff.max.ms = 1000
	retry.backoff.ms = 100
	sasl.client.callback.handler.class = null
	sasl.jaas.config = null
	sasl.kerberos.kinit.cmd = /usr/bin/kinit
	sasl.kerberos.min.time.before.relogin = 60000
	sasl.kerberos.service.name = null
	sasl.kerberos.ticket.renew.jitter = 0.05
	sasl.kerberos.ticket.renew.window.factor = 0.8
	sasl.login.callback.handler.class = null
	sasl.login.class = null
	sasl.login.connect.timeout.ms = null
	sasl.login.read.timeout.ms = null
	sasl.login.refresh.buffer.seconds = 300
	sasl.login.refresh.min.period.seconds = 60
	sasl.login.refresh.window.factor = 0.8
	sasl.login.refresh.window.jitter = 0.05
	sasl.login.retry.backoff.max.ms = 10000
	sasl.login.retry.backoff.ms = 100
	sasl.mechanism = GSSAPI
	sasl.oauthbearer.clock.skew.seconds = 30
	sasl.oauthbearer.expected.audience = null
	sasl.oauthbearer.expected.issuer = null
	sasl.oauthbearer.jwks.endpoint.refresh.ms = 3600000
	sasl.oauthbearer.jwks.endpoint.retry.backoff.max.ms = 10000
	sasl.oauthbearer.jwks.endpoint.retry.backoff.ms = 100
	sasl.oauthbearer.jwks.endpoint.url = null
	sasl.oauthbearer.scope.claim.name = scope
	sasl.oauthbearer.sub.claim.name = sub
	sasl.oauthbearer.token.endpoint.url = null
	security.protocol = PLAINTEXT
	security.providers = null
	send.buffer.bytes = 131072
	session.timeout.ms = 45000
	socket.connection.setup.timeout.max.ms = 30000
	socket.connection.setup.timeout.ms = 10000
	ssl.cipher.suites = null
	ssl.enabled.protocols = [TLSv1.2, TLSv1.3]
	ssl.endpoint.identification.algorithm = https
	ssl.engine.factory.class = null
	ssl.key.password = null
	ssl.keymanager.algorithm = SunX509
	ssl.keystore.certificate.chain = null
	ssl.keystore.key = null
	ssl.keystore.location = null
	ssl.keystore.password = null
	ssl.keystore.type = JKS
	ssl.protocol = TLSv1.3
	ssl.provider = null
	ssl.secure.random.implementation = null
	ssl.trustmanager.algorithm = PKIX
	ssl.truststore.certificates = null
	ssl.truststore.location = null
	ssl.truststore.password = null
	ssl.truststore.type = JKS
	value.deserializer = class org.springframework.kafka.support.serializer.JsonDeserializer

2026-04-26T20:33:29.842+05:30  INFO 17809 --- [inventory-service] [  restartedMain] o.a.k.c.t.i.KafkaMetricsCollector        : initializing Kafka metrics collector
2026-04-26T20:33:29.847+05:30  INFO 17809 --- [inventory-service] [  restartedMain] o.a.kafka.common.utils.AppInfoParser     : Kafka version: 3.7.1
2026-04-26T20:33:29.847+05:30  INFO 17809 --- [inventory-service] [  restartedMain] o.a.kafka.common.utils.AppInfoParser     : Kafka commitId: e2494e6ffb89f828
2026-04-26T20:33:29.847+05:30  INFO 17809 --- [inventory-service] [  restartedMain] o.a.kafka.common.utils.AppInfoParser     : Kafka startTimeMs: 1777215809847
2026-04-26T20:33:29.847+05:30  INFO 17809 --- [inventory-service] [  restartedMain] o.a.k.c.c.internals.LegacyKafkaConsumer  : [Consumer clientId=consumer-inventory-group-3, groupId=inventory-group] Subscribed to topic(s): inventory-check
2026-04-26T20:33:29.849+05:30  INFO 17809 --- [inventory-service] [  restartedMain] o.a.k.clients.consumer.ConsumerConfig    : ConsumerConfig values: 
	allow.auto.create.topics = true
	auto.commit.interval.ms = 5000
	auto.include.jmx.reporter = true
	auto.offset.reset = earliest
	bootstrap.servers = [localhost:9092]
	check.crcs = true
	client.dns.lookup = use_all_dns_ips
	client.id = consumer-inventory-group-4
	client.rack = 
	connections.max.idle.ms = 540000
	default.api.timeout.ms = 60000
	enable.auto.commit = false
	enable.metrics.push = true
	exclude.internal.topics = true
	fetch.max.bytes = 52428800
	fetch.max.wait.ms = 500
	fetch.min.bytes = 1
	group.id = inventory-group
	group.instance.id = null
	group.protocol = classic
	group.remote.assignor = null
	heartbeat.interval.ms = 3000
	interceptor.classes = []
	internal.leave.group.on.close = true
	internal.throw.on.fetch.stable.offset.unsupported = false
	isolation.level = read_uncommitted
	key.deserializer = class org.apache.kafka.common.serialization.StringDeserializer
	max.partition.fetch.bytes = 1048576
	max.poll.interval.ms = 300000
	max.poll.records = 500
	metadata.max.age.ms = 300000
	metric.reporters = []
	metrics.num.samples = 2
	metrics.recording.level = INFO
	metrics.sample.window.ms = 30000
	partition.assignment.strategy = [class org.apache.kafka.clients.consumer.RangeAssignor, class org.apache.kafka.clients.consumer.CooperativeStickyAssignor]
	receive.buffer.bytes = 65536
	reconnect.backoff.max.ms = 1000
	reconnect.backoff.ms = 50
	request.timeout.ms = 30000
	retry.backoff.max.ms = 1000
	retry.backoff.ms = 100
	sasl.client.callback.handler.class = null
	sasl.jaas.config = null
	sasl.kerberos.kinit.cmd = /usr/bin/kinit
	sasl.kerberos.min.time.before.relogin = 60000
	sasl.kerberos.service.name = null
	sasl.kerberos.ticket.renew.jitter = 0.05
	sasl.kerberos.ticket.renew.window.factor = 0.8
	sasl.login.callback.handler.class = null
	sasl.login.class = null
	sasl.login.connect.timeout.ms = null
	sasl.login.read.timeout.ms = null
	sasl.login.refresh.buffer.seconds = 300
	sasl.login.refresh.min.period.seconds = 60
	sasl.login.refresh.window.factor = 0.8
	sasl.login.refresh.window.jitter = 0.05
	sasl.login.retry.backoff.max.ms = 10000
	sasl.login.retry.backoff.ms = 100
	sasl.mechanism = GSSAPI
	sasl.oauthbearer.clock.skew.seconds = 30
	sasl.oauthbearer.expected.audience = null
	sasl.oauthbearer.expected.issuer = null
	sasl.oauthbearer.jwks.endpoint.refresh.ms = 3600000
	sasl.oauthbearer.jwks.endpoint.retry.backoff.max.ms = 10000
	sasl.oauthbearer.jwks.endpoint.retry.backoff.ms = 100
	sasl.oauthbearer.jwks.endpoint.url = null
	sasl.oauthbearer.scope.claim.name = scope
	sasl.oauthbearer.sub.claim.name = sub
	sasl.oauthbearer.token.endpoint.url = null
	security.protocol = PLAINTEXT
	security.providers = null
	send.buffer.bytes = 131072
	session.timeout.ms = 45000
	socket.connection.setup.timeout.max.ms = 30000
	socket.connection.setup.timeout.ms = 10000
	ssl.cipher.suites = null
	ssl.enabled.protocols = [TLSv1.2, TLSv1.3]
	ssl.endpoint.identification.algorithm = https
	ssl.engine.factory.class = null
	ssl.key.password = null
	ssl.keymanager.algorithm = SunX509
	ssl.keystore.certificate.chain = null
	ssl.keystore.key = null
	ssl.keystore.location = null
	ssl.keystore.password = null
	ssl.keystore.type = JKS
	ssl.protocol = TLSv1.3
	ssl.provider = null
	ssl.secure.random.implementation = null
	ssl.trustmanager.algorithm = PKIX
	ssl.truststore.certificates = null
	ssl.truststore.location = null
	ssl.truststore.password = null
	ssl.truststore.type = JKS
	value.deserializer = class org.springframework.kafka.support.serializer.JsonDeserializer

2026-04-26T20:33:29.849+05:30  INFO 17809 --- [inventory-service] [  restartedMain] o.a.k.c.t.i.KafkaMetricsCollector        : initializing Kafka metrics collector
2026-04-26T20:33:29.853+05:30  INFO 17809 --- [inventory-service] [  restartedMain] o.a.kafka.common.utils.AppInfoParser     : Kafka version: 3.7.1
2026-04-26T20:33:29.853+05:30  INFO 17809 --- [inventory-service] [  restartedMain] o.a.kafka.common.utils.AppInfoParser     : Kafka commitId: e2494e6ffb89f828
2026-04-26T20:33:29.853+05:30  INFO 17809 --- [inventory-service] [  restartedMain] o.a.kafka.common.utils.AppInfoParser     : Kafka startTimeMs: 1777215809853
2026-04-26T20:33:29.854+05:30  INFO 17809 --- [inventory-service] [  restartedMain] o.a.k.c.c.internals.LegacyKafkaConsumer  : [Consumer clientId=consumer-inventory-group-4, groupId=inventory-group] Subscribed to topic(s): order-created
2026-04-26T20:33:29.865+05:30  INFO 17809 --- [inventory-service] [  restartedMain] c.j.i.InventoryServiceApplication        : Started InventoryServiceApplication in 8.657 seconds (process running for 9.042)
2026-04-26T20:33:30.230+05:30  INFO 17809 --- [inventory-service] [ntainer#3-0-C-1] org.apache.kafka.clients.Metadata        : [Consumer clientId=consumer-inventry-group-2, groupId=inventry-group] Cluster ID: MkU3OEVBNTcwNTJENDM2Qg
2026-04-26T20:33:30.230+05:30  INFO 17809 --- [inventory-service] [ntainer#0-0-C-1] org.apache.kafka.clients.Metadata        : [Consumer clientId=consumer-inventory-group-3, groupId=inventory-group] Cluster ID: MkU3OEVBNTcwNTJENDM2Qg
2026-04-26T20:33:30.230+05:30  INFO 17809 --- [inventory-service] [ntainer#2-0-C-1] org.apache.kafka.clients.Metadata        : [Consumer clientId=consumer-inventry-group-1, groupId=inventry-group] Cluster ID: MkU3OEVBNTcwNTJENDM2Qg
2026-04-26T20:33:30.230+05:30  INFO 17809 --- [inventory-service] [ntainer#1-0-C-1] org.apache.kafka.clients.Metadata        : [Consumer clientId=consumer-inventory-group-4, groupId=inventory-group] Cluster ID: MkU3OEVBNTcwNTJENDM2Qg
2026-04-26T20:33:30.231+05:30  INFO 17809 --- [inventory-service] [ntainer#0-0-C-1] o.a.k.c.c.internals.ConsumerCoordinator  : [Consumer clientId=consumer-inventory-group-3, groupId=inventory-group] Discovered group coordinator localhost:9092 (id: 2147483646 rack: null)
2026-04-26T20:33:30.231+05:30  INFO 17809 --- [inventory-service] [ntainer#1-0-C-1] o.a.k.c.c.internals.ConsumerCoordinator  : [Consumer clientId=consumer-inventory-group-4, groupId=inventory-group] Discovered group coordinator localhost:9092 (id: 2147483646 rack: null)
2026-04-26T20:33:30.231+05:30  INFO 17809 --- [inventory-service] [ntainer#3-0-C-1] o.a.k.c.c.internals.ConsumerCoordinator  : [Consumer clientId=consumer-inventry-group-2, groupId=inventry-group] Discovered group coordinator localhost:9092 (id: 2147483646 rack: null)
2026-04-26T20:33:30.231+05:30  INFO 17809 --- [inventory-service] [ntainer#2-0-C-1] o.a.k.c.c.internals.ConsumerCoordinator  : [Consumer clientId=consumer-inventry-group-1, groupId=inventry-group] Discovered group coordinator localhost:9092 (id: 2147483646 rack: null)
2026-04-26T20:33:30.234+05:30  INFO 17809 --- [inventory-service] [ntainer#0-0-C-1] o.a.k.c.c.internals.ConsumerCoordinator  : [Consumer clientId=consumer-inventory-group-3, groupId=inventory-group] (Re-)joining group
2026-04-26T20:33:30.234+05:30  INFO 17809 --- [inventory-service] [ntainer#3-0-C-1] o.a.k.c.c.internals.ConsumerCoordinator  : [Consumer clientId=consumer-inventry-group-2, groupId=inventry-group] (Re-)joining group
2026-04-26T20:33:30.235+05:30  INFO 17809 --- [inventory-service] [ntainer#1-0-C-1] o.a.k.c.c.internals.ConsumerCoordinator  : [Consumer clientId=consumer-inventory-group-4, groupId=inventory-group] (Re-)joining group
2026-04-26T20:33:30.235+05:30  INFO 17809 --- [inventory-service] [ntainer#2-0-C-1] o.a.k.c.c.internals.ConsumerCoordinator  : [Consumer clientId=consumer-inventry-group-1, groupId=inventry-group] (Re-)joining group
2026-04-26T20:33:30.267+05:30  INFO 17809 --- [inventory-service] [ntainer#0-0-C-1] o.a.k.c.c.internals.ConsumerCoordinator  : [Consumer clientId=consumer-inventory-group-3, groupId=inventory-group] Request joining group due to: need to re-join with the given member-id: consumer-inventory-group-3-21881bda-e2f9-4577-bc58-d1ae1c032ed5
2026-04-26T20:33:30.267+05:30  INFO 17809 --- [inventory-service] [ntainer#2-0-C-1] o.a.k.c.c.internals.ConsumerCoordinator  : [Consumer clientId=consumer-inventry-group-1, groupId=inventry-group] Request joining group due to: need to re-join with the given member-id: consumer-inventry-group-1-db755460-f9e6-43aa-abb5-df2108b91e88
2026-04-26T20:33:30.267+05:30  INFO 17809 --- [inventory-service] [ntainer#1-0-C-1] o.a.k.c.c.internals.ConsumerCoordinator  : [Consumer clientId=consumer-inventory-group-4, groupId=inventory-group] Request joining group due to: need to re-join with the given member-id: consumer-inventory-group-4-7d1c6820-a4d9-4a07-ac35-aa59bed59f64
2026-04-26T20:33:30.267+05:30  INFO 17809 --- [inventory-service] [ntainer#3-0-C-1] o.a.k.c.c.internals.ConsumerCoordinator  : [Consumer clientId=consumer-inventry-group-2, groupId=inventry-group] Request joining group due to: need to re-join with the given member-id: consumer-inventry-group-2-e92c12c7-72b5-459d-8d28-21647b0f614b
2026-04-26T20:33:30.267+05:30  INFO 17809 --- [inventory-service] [ntainer#0-0-C-1] o.a.k.c.c.internals.ConsumerCoordinator  : [Consumer clientId=consumer-inventory-group-3, groupId=inventory-group] (Re-)joining group
2026-04-26T20:33:30.267+05:30  INFO 17809 --- [inventory-service] [ntainer#2-0-C-1] o.a.k.c.c.internals.ConsumerCoordinator  : [Consumer clientId=consumer-inventry-group-1, groupId=inventry-group] (Re-)joining group
2026-04-26T20:33:30.267+05:30  INFO 17809 --- [inventory-service] [ntainer#3-0-C-1] o.a.k.c.c.internals.ConsumerCoordinator  : [Consumer clientId=consumer-inventry-group-2, groupId=inventry-group] (Re-)joining group
2026-04-26T20:33:30.267+05:30  INFO 17809 --- [inventory-service] [ntainer#1-0-C-1] o.a.k.c.c.internals.ConsumerCoordinator  : [Consumer clientId=consumer-inventory-group-4, groupId=inventory-group] (Re-)joining group
2026-04-26T20:33:33.287+05:30  INFO 17809 --- [inventory-service] [ntainer#2-0-C-1] o.a.k.c.c.internals.ConsumerCoordinator  : [Consumer clientId=consumer-inventry-group-1, groupId=inventry-group] Successfully joined group with generation Generation{generationId=3, memberId='consumer-inventry-group-1-db755460-f9e6-43aa-abb5-df2108b91e88', protocol='range'}
2026-04-26T20:33:33.291+05:30  INFO 17809 --- [inventory-service] [ntainer#3-0-C-1] o.a.k.c.c.internals.ConsumerCoordinator  : [Consumer clientId=consumer-inventry-group-2, groupId=inventry-group] Successfully joined group with generation Generation{generationId=3, memberId='consumer-inventry-group-2-e92c12c7-72b5-459d-8d28-21647b0f614b', protocol='range'}
2026-04-26T20:33:33.296+05:30  INFO 17809 --- [inventory-service] [ntainer#1-0-C-1] o.a.k.c.c.internals.ConsumerCoordinator  : [Consumer clientId=consumer-inventory-group-4, groupId=inventory-group] Successfully joined group with generation Generation{generationId=41, memberId='consumer-inventory-group-4-7d1c6820-a4d9-4a07-ac35-aa59bed59f64', protocol='range'}
2026-04-26T20:33:33.296+05:30  INFO 17809 --- [inventory-service] [ntainer#0-0-C-1] o.a.k.c.c.internals.ConsumerCoordinator  : [Consumer clientId=consumer-inventory-group-3, groupId=inventory-group] Successfully joined group with generation Generation{generationId=41, memberId='consumer-inventory-group-3-21881bda-e2f9-4577-bc58-d1ae1c032ed5', protocol='range'}
2026-04-26T20:33:33.309+05:30  INFO 17809 --- [inventory-service] [ntainer#3-0-C-1] o.a.k.c.c.internals.ConsumerCoordinator  : [Consumer clientId=consumer-inventry-group-2, groupId=inventry-group] Finished assignment for group at generation 3: {consumer-inventry-group-1-db755460-f9e6-43aa-abb5-df2108b91e88=Assignment(partitions=[product-created-0]), consumer-inventry-group-2-e92c12c7-72b5-459d-8d28-21647b0f614b=Assignment(partitions=[order-cancelled-0])}
2026-04-26T20:33:33.309+05:30  INFO 17809 --- [inventory-service] [ntainer#0-0-C-1] o.a.k.c.c.internals.ConsumerCoordinator  : [Consumer clientId=consumer-inventory-group-3, groupId=inventory-group] Finished assignment for group at generation 41: {consumer-inventory-group-4-7d1c6820-a4d9-4a07-ac35-aa59bed59f64=Assignment(partitions=[order-created-0]), consumer-inventory-group-3-21881bda-e2f9-4577-bc58-d1ae1c032ed5=Assignment(partitions=[inventory-check-0])}
2026-04-26T20:33:33.330+05:30  INFO 17809 --- [inventory-service] [ntainer#1-0-C-1] o.a.k.c.c.internals.ConsumerCoordinator  : [Consumer clientId=consumer-inventory-group-4, groupId=inventory-group] Successfully synced group in generation Generation{generationId=41, memberId='consumer-inventory-group-4-7d1c6820-a4d9-4a07-ac35-aa59bed59f64', protocol='range'}
2026-04-26T20:33:33.330+05:30  INFO 17809 --- [inventory-service] [ntainer#2-0-C-1] o.a.k.c.c.internals.ConsumerCoordinator  : [Consumer clientId=consumer-inventry-group-1, groupId=inventry-group] Successfully synced group in generation Generation{generationId=3, memberId='consumer-inventry-group-1-db755460-f9e6-43aa-abb5-df2108b91e88', protocol='range'}
2026-04-26T20:33:33.330+05:30  INFO 17809 --- [inventory-service] [ntainer#3-0-C-1] o.a.k.c.c.internals.ConsumerCoordinator  : [Consumer clientId=consumer-inventry-group-2, groupId=inventry-group] Successfully synced group in generation Generation{generationId=3, memberId='consumer-inventry-group-2-e92c12c7-72b5-459d-8d28-21647b0f614b', protocol='range'}
2026-04-26T20:33:33.330+05:30  INFO 17809 --- [inventory-service] [ntainer#0-0-C-1] o.a.k.c.c.internals.ConsumerCoordinator  : [Consumer clientId=consumer-inventory-group-3, groupId=inventory-group] Successfully synced group in generation Generation{generationId=41, memberId='consumer-inventory-group-3-21881bda-e2f9-4577-bc58-d1ae1c032ed5', protocol='range'}
2026-04-26T20:33:33.331+05:30  INFO 17809 --- [inventory-service] [ntainer#2-0-C-1] o.a.k.c.c.internals.ConsumerCoordinator  : [Consumer clientId=consumer-inventry-group-1, groupId=inventry-group] Notifying assignor about the new Assignment(partitions=[product-created-0])
2026-04-26T20:33:33.331+05:30  INFO 17809 --- [inventory-service] [ntainer#1-0-C-1] o.a.k.c.c.internals.ConsumerCoordinator  : [Consumer clientId=consumer-inventory-group-4, groupId=inventory-group] Notifying assignor about the new Assignment(partitions=[order-created-0])
2026-04-26T20:33:33.331+05:30  INFO 17809 --- [inventory-service] [ntainer#3-0-C-1] o.a.k.c.c.internals.ConsumerCoordinator  : [Consumer clientId=consumer-inventry-group-2, groupId=inventry-group] Notifying assignor about the new Assignment(partitions=[order-cancelled-0])
2026-04-26T20:33:33.331+05:30  INFO 17809 --- [inventory-service] [ntainer#0-0-C-1] o.a.k.c.c.internals.ConsumerCoordinator  : [Consumer clientId=consumer-inventory-group-3, groupId=inventory-group] Notifying assignor about the new Assignment(partitions=[inventory-check-0])
2026-04-26T20:33:33.334+05:30  INFO 17809 --- [inventory-service] [ntainer#0-0-C-1] k.c.c.i.ConsumerRebalanceListenerInvoker : [Consumer clientId=consumer-inventory-group-3, groupId=inventory-group] Adding newly assigned partitions: inventory-check-0
2026-04-26T20:33:33.334+05:30  INFO 17809 --- [inventory-service] [ntainer#2-0-C-1] k.c.c.i.ConsumerRebalanceListenerInvoker : [Consumer clientId=consumer-inventry-group-1, groupId=inventry-group] Adding newly assigned partitions: product-created-0
2026-04-26T20:33:33.334+05:30  INFO 17809 --- [inventory-service] [ntainer#3-0-C-1] k.c.c.i.ConsumerRebalanceListenerInvoker : [Consumer clientId=consumer-inventry-group-2, groupId=inventry-group] Adding newly assigned partitions: order-cancelled-0
2026-04-26T20:33:33.334+05:30  INFO 17809 --- [inventory-service] [ntainer#1-0-C-1] k.c.c.i.ConsumerRebalanceListenerInvoker : [Consumer clientId=consumer-inventory-group-4, groupId=inventory-group] Adding newly assigned partitions: order-created-0
2026-04-26T20:33:33.353+05:30  INFO 17809 --- [inventory-service] [ntainer#3-0-C-1] o.a.k.c.c.internals.ConsumerCoordinator  : [Consumer clientId=consumer-inventry-group-2, groupId=inventry-group] Found no committed offset for partition order-cancelled-0
2026-04-26T20:33:33.353+05:30  INFO 17809 --- [inventory-service] [ntainer#2-0-C-1] o.a.k.c.c.internals.ConsumerCoordinator  : [Consumer clientId=consumer-inventry-group-1, groupId=inventry-group] Found no committed offset for partition product-created-0
2026-04-26T20:33:33.353+05:30  INFO 17809 --- [inventory-service] [ntainer#0-0-C-1] o.a.k.c.c.internals.ConsumerCoordinator  : [Consumer clientId=consumer-inventory-group-3, groupId=inventory-group] Found no committed offset for partition inventory-check-0
2026-04-26T20:33:33.356+05:30  INFO 17809 --- [inventory-service] [ntainer#1-0-C-1] o.a.k.c.c.internals.ConsumerUtils        : Setting offset for partition order-created-0 to the committed offset FetchPosition{offset=23, offsetEpoch=Optional.empty, currentLeader=LeaderAndEpoch{leader=Optional[localhost:9092 (id: 1 rack: null)], epoch=42}}
2026-04-26T20:33:33.357+05:30  INFO 17809 --- [inventory-service] [ntainer#1-0-C-1] o.s.k.l.KafkaMessageListenerContainer    : inventory-group: partitions assigned: [order-created-0]
2026-04-26T20:33:33.374+05:30  INFO 17809 --- [inventory-service] [ntainer#3-0-C-1] o.a.k.c.c.internals.SubscriptionState    : [Consumer clientId=consumer-inventry-group-2, groupId=inventry-group] Resetting offset for partition order-cancelled-0 to position FetchPosition{offset=0, offsetEpoch=Optional.empty, currentLeader=LeaderAndEpoch{leader=Optional[localhost:9092 (id: 1 rack: null)], epoch=42}}.
2026-04-26T20:33:33.375+05:30  INFO 17809 --- [inventory-service] [ntainer#2-0-C-1] o.a.k.c.c.internals.SubscriptionState    : [Consumer clientId=consumer-inventry-group-1, groupId=inventry-group] Resetting offset for partition product-created-0 to position FetchPosition{offset=0, offsetEpoch=Optional.empty, currentLeader=LeaderAndEpoch{leader=Optional[localhost:9092 (id: 1 rack: null)], epoch=42}}.
2026-04-26T20:33:33.375+05:30  INFO 17809 --- [inventory-service] [ntainer#0-0-C-1] o.a.k.c.c.internals.SubscriptionState    : [Consumer clientId=consumer-inventory-group-3, groupId=inventory-group] Resetting offset for partition inventory-check-0 to position FetchPosition{offset=0, offsetEpoch=Optional.empty, currentLeader=LeaderAndEpoch{leader=Optional[localhost:9092 (id: 1 rack: null)], epoch=42}}.
2026-04-26T20:33:33.375+05:30  INFO 17809 --- [inventory-service] [ntainer#3-0-C-1] o.s.k.l.KafkaMessageListenerContainer    : inventry-group: partitions assigned: [order-cancelled-0]
2026-04-26T20:33:33.375+05:30  INFO 17809 --- [inventory-service] [ntainer#2-0-C-1] o.s.k.l.KafkaMessageListenerContainer    : inventry-group: partitions assigned: [product-created-0]
2026-04-26T20:33:33.375+05:30  INFO 17809 --- [inventory-service] [ntainer#0-0-C-1] o.s.k.l.KafkaMessageListenerContainer    : inventory-group: partitions assigned: [inventory-check-0]
2026-04-26T20:38:29.153+05:30  INFO 17809 --- [inventory-service] [rap-executor-%d] c.n.d.s.r.aws.ConfigClusterResolver      : Resolving eureka endpoints via configuration
2026-04-26T20:42:30.395+05:30  INFO 17809 --- [inventory-service] [ntainer#0-0-C-1] org.apache.kafka.clients.NetworkClient   : [Consumer clientId=consumer-inventory-group-3, groupId=inventory-group] Node -1 disconnected.
2026-04-26T20:42:30.395+05:30  INFO 17809 --- [inventory-service] [ntainer#3-0-C-1] org.apache.kafka.clients.NetworkClient   : [Consumer clientId=consumer-inventry-group-2, groupId=inventry-group] Node -1 disconnected.
2026-04-26T20:42:30.395+05:30  INFO 17809 --- [inventory-service] [ntainer#1-0-C-1] org.apache.kafka.clients.NetworkClient   : [Consumer clientId=consumer-inventory-group-4, groupId=inventory-group] Node -1 disconnected.
2026-04-26T20:42:30.395+05:30  INFO 17809 --- [inventory-service] [ntainer#2-0-C-1] org.apache.kafka.clients.NetworkClient   : [Consumer clientId=consumer-inventry-group-1, groupId=inventry-group] Node -1 disconnected.
2026-04-26T20:43:29.163+05:30  INFO 17809 --- [inventory-service] [rap-executor-%d] c.n.d.s.r.aws.ConfigClusterResolver      : Resolving eureka endpoints via configuration
2026-04-26T20:48:29.168+05:30  INFO 17809 --- [inventory-service] [rap-executor-%d] c.n.d.s.r.aws.ConfigClusterResolver      : Resolving eureka endpoints via configuration
2026-04-26T20:52:30.547+05:30  INFO 17809 --- [inventory-service] [ntainer#2-0-C-1] org.apache.kafka.clients.NetworkClient   : [Consumer clientId=consumer-inventry-group-1, groupId=inventry-group] Node -1 disconnected.
2026-04-26T20:52:30.547+05:30  INFO 17809 --- [inventory-service] [ntainer#1-0-C-1] org.apache.kafka.clients.NetworkClient   : [Consumer clientId=consumer-inventory-group-4, groupId=inventory-group] Node -1 disconnected.
2026-04-26T20:52:30.547+05:30  INFO 17809 --- [inventory-service] [ntainer#0-0-C-1] org.apache.kafka.clients.NetworkClient   : [Consumer clientId=consumer-inventory-group-3, groupId=inventory-group] Node -1 disconnected.
2026-04-26T20:52:30.550+05:30  INFO 17809 --- [inventory-service] [ntainer#3-0-C-1] org.apache.kafka.clients.NetworkClient   : [Consumer clientId=consumer-inventry-group-2, groupId=inventry-group] Node -1 disconnected.
2026-04-26T20:53:29.170+05:30  INFO 17809 --- [inventory-service] [rap-executor-%d] c.n.d.s.r.aws.ConfigClusterResolver      : Resolving eureka endpoints via configuration
2026-04-26T20:58:29.172+05:30  INFO 17809 --- [inventory-service] [rap-executor-%d] c.n.d.s.r.aws.ConfigClusterResolver      : Resolving eureka endpoints via configuration
Received OrderCreatedEvent : com.jitendra.event.OrderCreatedEvent@49332e5c
Hibernate: select i1_0.id,i1_0.in_stock,i1_0.product_id,i1_0.quantity from inventory i1_0 where i1_0.product_id=?
Hibernate: select i1_0.id,i1_0.in_stock,i1_0.product_id,i1_0.quantity from inventory i1_0 where i1_0.product_id=?
Hibernate: select i1_0.id,i1_0.in_stock,i1_0.product_id,i1_0.quantity from inventory i1_0 where i1_0.id=?
Hibernate: update inventory set in_stock=?,product_id=?,quantity=? where id=?
2026-04-26T20:59:13.024+05:30  INFO 17809 --- [inventory-service] [ntainer#1-0-C-1] o.a.k.clients.producer.ProducerConfig    : ProducerConfig values: 
	acks = -1
	auto.include.jmx.reporter = true
	batch.size = 16384
	bootstrap.servers = [localhost:9092]
	buffer.memory = 33554432
	client.dns.lookup = use_all_dns_ips
	client.id = inventory-service-producer-1
	compression.type = none
	connections.max.idle.ms = 540000
	delivery.timeout.ms = 120000
	enable.idempotence = true
	enable.metrics.push = true
	interceptor.classes = []
	key.serializer = class org.apache.kafka.common.serialization.StringSerializer
	linger.ms = 0
	max.block.ms = 60000
	max.in.flight.requests.per.connection = 5
	max.request.size = 1048576
	metadata.max.age.ms = 300000
	metadata.max.idle.ms = 300000
	metric.reporters = []
	metrics.num.samples = 2
	metrics.recording.level = INFO
	metrics.sample.window.ms = 30000
	partitioner.adaptive.partitioning.enable = true
	partitioner.availability.timeout.ms = 0
	partitioner.class = null
	partitioner.ignore.keys = false
	receive.buffer.bytes = 32768
	reconnect.backoff.max.ms = 1000
	reconnect.backoff.ms = 50
	request.timeout.ms = 30000
	retries = 2147483647
	retry.backoff.max.ms = 1000
	retry.backoff.ms = 100
	sasl.client.callback.handler.class = null
	sasl.jaas.config = null
	sasl.kerberos.kinit.cmd = /usr/bin/kinit
	sasl.kerberos.min.time.before.relogin = 60000
	sasl.kerberos.service.name = null
	sasl.kerberos.ticket.renew.jitter = 0.05
	sasl.kerberos.ticket.renew.window.factor = 0.8
	sasl.login.callback.handler.class = null
	sasl.login.class = null
	sasl.login.connect.timeout.ms = null
	sasl.login.read.timeout.ms = null
	sasl.login.refresh.buffer.seconds = 300
	sasl.login.refresh.min.period.seconds = 60
	sasl.login.refresh.window.factor = 0.8
	sasl.login.refresh.window.jitter = 0.05
	sasl.login.retry.backoff.max.ms = 10000
	sasl.login.retry.backoff.ms = 100
	sasl.mechanism = GSSAPI
	sasl.oauthbearer.clock.skew.seconds = 30
	sasl.oauthbearer.expected.audience = null
	sasl.oauthbearer.expected.issuer = null
	sasl.oauthbearer.jwks.endpoint.refresh.ms = 3600000
	sasl.oauthbearer.jwks.endpoint.retry.backoff.max.ms = 10000
	sasl.oauthbearer.jwks.endpoint.retry.backoff.ms = 100
	sasl.oauthbearer.jwks.endpoint.url = null
	sasl.oauthbearer.scope.claim.name = scope
	sasl.oauthbearer.sub.claim.name = sub
	sasl.oauthbearer.token.endpoint.url = null
	security.protocol = PLAINTEXT
	security.providers = null
	send.buffer.bytes = 131072
	socket.connection.setup.timeout.max.ms = 30000
	socket.connection.setup.timeout.ms = 10000
	ssl.cipher.suites = null
	ssl.enabled.protocols = [TLSv1.2, TLSv1.3]
	ssl.endpoint.identification.algorithm = https
	ssl.engine.factory.class = null
	ssl.key.password = null
	ssl.keymanager.algorithm = SunX509
	ssl.keystore.certificate.chain = null
	ssl.keystore.key = null
	ssl.keystore.location = null
	ssl.keystore.password = null
	ssl.keystore.type = JKS
	ssl.protocol = TLSv1.3
	ssl.provider = null
	ssl.secure.random.implementation = null
	ssl.trustmanager.algorithm = PKIX
	ssl.truststore.certificates = null
	ssl.truststore.location = null
	ssl.truststore.password = null
	ssl.truststore.type = JKS
	transaction.timeout.ms = 60000
	transactional.id = null
	value.serializer = class org.springframework.kafka.support.serializer.JsonSerializer

2026-04-26T20:59:13.025+05:30  INFO 17809 --- [inventory-service] [ntainer#1-0-C-1] o.a.k.c.t.i.KafkaMetricsCollector        : initializing Kafka metrics collector
2026-04-26T20:59:13.034+05:30  INFO 17809 --- [inventory-service] [ntainer#1-0-C-1] o.a.k.clients.producer.KafkaProducer     : [Producer clientId=inventory-service-producer-1] Instantiated an idempotent producer.
2026-04-26T20:59:13.048+05:30  INFO 17809 --- [inventory-service] [ntainer#1-0-C-1] o.a.kafka.common.utils.AppInfoParser     : Kafka version: 3.7.1
2026-04-26T20:59:13.048+05:30  INFO 17809 --- [inventory-service] [ntainer#1-0-C-1] o.a.kafka.common.utils.AppInfoParser     : Kafka commitId: e2494e6ffb89f828
2026-04-26T20:59:13.048+05:30  INFO 17809 --- [inventory-service] [ntainer#1-0-C-1] o.a.kafka.common.utils.AppInfoParser     : Kafka startTimeMs: 1777217353048
2026-04-26T20:59:13.055+05:30  INFO 17809 --- [inventory-service] [vice-producer-1] org.apache.kafka.clients.Metadata        : [Producer clientId=inventory-service-producer-1] Cluster ID: MkU3OEVBNTcwNTJENDM2Qg
2026-04-26T20:59:13.055+05:30  INFO 17809 --- [inventory-service] [vice-producer-1] o.a.k.c.p.internals.TransactionManager   : [Producer clientId=inventory-service-producer-1] ProducerId set to 3002 with epoch 0
Received OrderCreatedEvent : com.jitendra.event.OrderCreatedEvent@ab65861
Hibernate: select i1_0.id,i1_0.in_stock,i1_0.product_id,i1_0.quantity from inventory i1_0 where i1_0.product_id=?
Hibernate: select i1_0.id,i1_0.in_stock,i1_0.product_id,i1_0.quantity from inventory i1_0 where i1_0.product_id=?
Hibernate: select i1_0.id,i1_0.in_stock,i1_0.product_id,i1_0.quantity from inventory i1_0 where i1_0.id=?
Hibernate: update inventory set in_stock=?,product_id=?,quantity=? where id=?
2026-04-26T21:03:29.174+05:30  INFO 17809 --- [inventory-service] [rap-executor-%d] c.n.d.s.r.aws.ConfigClusterResolver      : Resolving eureka endpoints via configuration
[[1;34mINFO[m] [1m------------------------------------------------------------------------[m
[[1;34mINFO[m] [1;31mBUILD FAILURE[m
[[1;34mINFO[m] [1m------------------------------------------------------------------------[m
[[1;34mINFO[m] Total time:  34:17 min
[[1;34mINFO[m] Finished at: 2026-04-26T21:07:37+05:30
[[1;34mINFO[m] [1m------------------------------------------------------------------------[m
[[1;31mERROR[m] Failed to execute goal [32morg.springframework.boot:spring-boot-maven-plugin:3.3.3:run[m [1m(default-cli)[m on project [36minventoryService[m: [1;31mProcess terminated with exit code: 137[m -> [1m[Help 1][m
[[1;31mERROR[m] 
[[1;31mERROR[m] To see the full stack trace of the errors, re-run Maven with the [1m-e[m switch.
[[1;31mERROR[m] Re-run Maven using the [1m-X[m switch to enable full debug logging.
[[1;31mERROR[m] 
[[1;31mERROR[m] For more information about the errors and possible solutions, please read the following articles:
[[1;31mERROR[m] [1m[Help 1][m http://cwiki.apache.org/confluence/display/MAVEN/MojoExecutionException
